<?xml version="1.0" encoding="UTF-8"?>
<beans xmlns="http://www.springframework.org/schema/beans"
       xmlns:xsi="http://www.w3.org/2001/XMLSchema-instance"
       xmlns:context="http://www.springframework.org/schema/context"
       xmlns:tx="http://www.springframework.org/schema/tx"

       xsi:schemaLocation="http://www.springframework.org/schema/beans
       http://www.springframework.org/schema/beans/spring-beans.xsd
       http://www.springframework.org/schema/context
       http://www.springframework.org/schema/context/spring-context-3.2.xsd
       http://www.springframework.org/schema/tx
       http://www.springframework.org/schema/tx/spring-tx.xsd">

    <bean id="dataSource" class="oracle.jdbc.pool.OracleDataSource">
        <property name="URL" value="jdbc:oracle:thin:dev_user@//localhost:1521/xe"/>
        <property name="user" value="dev_user"/>
        <property name="password" value="dev_user"/>
    </bean>

    <bean id="entityMangerFactory"
          class="org.springframework.orm.jpa.LocalContainerEntityManagerFactoryBean">
        <property name="persistenceUnitName" value="persistenceUnit"/>
        <property name="dataSource" ref="dataSource"/>
        <property name="jpaVendorAdapter" ref="jpaVendorAdapter"/>
        <property name="jpaDialect" ref="jpaDialect"/>

        <property name="packagesToScan">
            <array>
                <value>value.set</value>
                <value>attribute.desc</value>
                <value>restriction</value>
            </array>
        </property>
    </bean>

    <bean id="jpaVendorAdapter"
          class="org.springframework.orm.jpa.vendor.HibernateJpaVendorAdapter">
        <property name="database" value="ORACLE"/>
        <property name="databasePlatform" value="org.hibernate.dialect.Oracle10gDialect"/>
        <property name="showSql" value="true"/>
    </bean>

    <bean id="jpaDialect" class="org.springframework.orm.jpa.vendor.HibernateJpaDialect"/>

    <bean id="transactionManager"
          class="org.springframework.orm.jpa.JpaTransactionManager">
        <property name="entityManagerFactory" ref="entityMangerFactory"/>
    </bean>

    <tx:annotation-driven transaction-manager="transactionManager"/>

    <context:annotation-config/>
    <context:component-scan base-package="restriction"/>
    <context:component-scan base-package="value.set"/>

</beans>